05-29 05:23:45 com_github_MitjaNemec_ReplicateLayout.action_replicate_layout 392:Plugin executed on: 'darwin'
05-29 05:23:45 com_github_MitjaNemec_ReplicateLayout.action_replicate_layout 393:Plugin executed with python version: '3.9.13 (v3.9.13:6de2ca5339, May 17 2022, 11:37:23) \n[Clang 13.0.0 (clang-1300.0.29.30)]'
05-29 05:23:45 com_github_MitjaNemec_ReplicateLayout.action_replicate_layout 394:KiCad build version: 7.0.2-0
05-29 05:23:45 com_github_MitjaNemec_ReplicateLayout.action_replicate_layout 395:Plugin version: 2.1.3
05-29 05:23:45 com_github_MitjaNemec_ReplicateLayout.action_replicate_layout 396:Frame repr: <wx._core.Frame object at 0x14b0c89d0>
05-29 05:23:45 com_github_MitjaNemec_ReplicateLayout.action_replicate_layout 420:Preparing replicator with U17 as a reference
05-29 05:23:45 com_github_MitjaNemec_ReplicateLayout.replicate_layout 117:getting a list of all footprints on board
05-29 05:23:45 com_github_MitjaNemec_ReplicateLayout.action_replicate_layout 468:source anchor footprint is 'U17'
Located on: ['Untitled Sheet3']
With filenames: ['H_bridge.kicad_sch']
With sheet_id:['Untitled Sheet3']
05-29 05:23:45 com_github_MitjaNemec_ReplicateLayout.action_replicate_layout 475:Corresponding footprints are 
[('U17', ['Untitled Sheet3']), ('U16', ['Untitled Sheet2']), ('U15', ['Motor Driver2']), ('U13', ['Motor Driver'])]
05-29 05:23:45 com_github_MitjaNemec_ReplicateLayout.action_replicate_layout 487:Showing dialog
05-29 05:23:45 com_github_MitjaNemec_ReplicateLayout.replicate_layout 424:constructing a list of sheets suitable for replication on level:'Untitled Sheet3', file:'H_bridge.kicad_sch'
05-29 05:23:45 com_github_MitjaNemec_ReplicateLayout.replicate_layout 461:suitable sheets are:[['Motor Driver'], ['Motor Driver2'], ['Untitled Sheet2']]
05-29 05:23:45 com_github_MitjaNemec_ReplicateLayout.replicate_layout 1464:Level selected: ['Untitled Sheet3']
05-29 05:23:45 com_github_MitjaNemec_ReplicateLayout.replicate_layout 1299:Filtering list of tracks
05-29 05:23:45 com_github_MitjaNemec_ReplicateLayout.action_replicate_layout 493:Toolbar position: wx.Point(982, 150)
05-29 05:23:45 com_github_MitjaNemec_ReplicateLayout.action_replicate_layout 498:Dialog position: wx.Point(543, 150)
05-29 05:23:49 com_github_MitjaNemec_ReplicateLayout.replicate_layout 424:constructing a list of sheets suitable for replication on level:'Untitled Sheet3', file:'H_bridge.kicad_sch'
05-29 05:23:49 com_github_MitjaNemec_ReplicateLayout.replicate_layout 461:suitable sheets are:[['Motor Driver'], ['Motor Driver2'], ['Untitled Sheet2']]
05-29 05:23:49 com_github_MitjaNemec_ReplicateLayout.replicate_layout 1464:Level selected: ['Untitled Sheet3']
05-29 05:23:49 com_github_MitjaNemec_ReplicateLayout.replicate_layout 1299:Filtering list of tracks
05-29 05:23:49 com_github_MitjaNemec_ReplicateLayout.replicate_layout 424:constructing a list of sheets suitable for replication on level:'Untitled Sheet3', file:'H_bridge.kicad_sch'
05-29 05:23:49 com_github_MitjaNemec_ReplicateLayout.replicate_layout 461:suitable sheets are:[['Motor Driver'], ['Motor Driver2'], ['Untitled Sheet2']]
05-29 05:23:49 com_github_MitjaNemec_ReplicateLayout.replicate_layout 1464:Level selected: ['Untitled Sheet3']
05-29 05:23:49 com_github_MitjaNemec_ReplicateLayout.replicate_layout 1299:Filtering list of tracks
05-29 05:23:59 com_github_MitjaNemec_ReplicateLayout.replicate_layout 424:constructing a list of sheets suitable for replication on level:'Untitled Sheet3', file:'H_bridge.kicad_sch'
05-29 05:23:59 com_github_MitjaNemec_ReplicateLayout.replicate_layout 461:suitable sheets are:[['Motor Driver'], ['Motor Driver2'], ['Untitled Sheet2']]
05-29 05:23:59 com_github_MitjaNemec_ReplicateLayout.action_replicate_layout 240:Replicating layout
05-29 05:23:59 com_github_MitjaNemec_ReplicateLayout.replicate_layout 240:Starting replication of sheets: [['Motor Driver'], ['Motor Driver2'], ['Untitled Sheet2']]
on level: ['Untitled Sheet3']
with tracks=True, zone=True, text=True, text=True, intersecting=False, remove=False, locked footprints=False, group_only=False
05-29 05:23:59 root 332:updating GUI message: 'Preparing for replication'
05-29 05:23:59 root 337:updating GUI with: 0
05-29 05:23:59 com_github_MitjaNemec_ReplicateLayout.replicate_layout 310:Getting the list of source footprints
05-29 05:23:59 root 337:updating GUI with: 0
05-29 05:23:59 com_github_MitjaNemec_ReplicateLayout.replicate_layout 320:Getting the list of all the remaining footprints
05-29 05:23:59 com_github_MitjaNemec_ReplicateLayout.replicate_layout 327:Getting source tracks
05-29 05:23:59 com_github_MitjaNemec_ReplicateLayout.replicate_layout 1299:Filtering list of tracks
05-29 05:23:59 com_github_MitjaNemec_ReplicateLayout.replicate_layout 331:Getting source zones
05-29 05:23:59 com_github_MitjaNemec_ReplicateLayout.replicate_layout 335:Getting source text items
05-29 05:23:59 com_github_MitjaNemec_ReplicateLayout.replicate_layout 339:Getting source drawing items
05-29 05:23:59 root 332:updating GUI message: 'Replicating footprints'
05-29 05:23:59 com_github_MitjaNemec_ReplicateLayout.replicate_layout 806:Replicating footprints
05-29 05:23:59 root 337:updating GUI with: 0
05-29 05:23:59 com_github_MitjaNemec_ReplicateLayout.replicate_layout 813:Replicating footprints on sheet ['Motor Driver']
05-29 05:23:59 com_github_MitjaNemec_ReplicateLayout.replicate_layout 813:Replicating footprints on sheet ['Motor Driver2']
05-29 05:23:59 com_github_MitjaNemec_ReplicateLayout.replicate_layout 813:Replicating footprints on sheet ['Untitled Sheet2']
05-29 05:23:59 root 332:updating GUI message: 'Replicating tracks'
05-29 05:23:59 com_github_MitjaNemec_ReplicateLayout.replicate_layout 977:Replicating tracks
05-29 05:23:59 root 337:updating GUI with: 0
05-29 05:23:59 com_github_MitjaNemec_ReplicateLayout.replicate_layout 983:Replicating tracks on sheet ['Motor Driver']
05-29 05:23:59 com_github_MitjaNemec_ReplicateLayout.replicate_layout 766:Net pairs for sheet ['Motor Driver'] :[('/ENCODER7', '/ENCODER1'), ('', ''), ('GND', 'GND'), ('VCC', 'VCC'), ('Net-(U17-OUT2)', 'Net-(U13-OUT2)'), ('/ENCODER8', '/ENCODER2'), ('/ML4', '/ML1'), ('ENC_PWR_P', 'ENC_PWR_P'), ('Net-(U17-OUT1)', 'Net-(U13-OUT1)'), ('/MR4', '/MR1'), ('ENC_PWR_G', 'ENC_PWR_G'), ('+5V', '+5V')]
05-29 05:23:59 com_github_MitjaNemec_ReplicateLayout.replicate_layout 983:Replicating tracks on sheet ['Motor Driver2']
05-29 05:23:59 com_github_MitjaNemec_ReplicateLayout.replicate_layout 766:Net pairs for sheet ['Motor Driver2'] :[('', ''), ('+5V', '+5V'), ('GND', 'GND'), ('/MR4', '/MR2'), ('Net-(U17-OUT2)', 'Net-(U15-OUT2)'), ('VCC', 'VCC'), ('/ENCODER8', '/ENCODER4'), ('ENC_PWR_P', 'ENC_PWR_P'), ('/ML4', '/ML2'), ('Net-(U17-OUT1)', 'Net-(U15-OUT1)'), ('ENC_PWR_G', 'ENC_PWR_G'), ('/ENCODER7', '/ENCODER3')]
05-29 05:23:59 com_github_MitjaNemec_ReplicateLayout.replicate_layout 983:Replicating tracks on sheet ['Untitled Sheet2']
05-29 05:23:59 com_github_MitjaNemec_ReplicateLayout.replicate_layout 766:Net pairs for sheet ['Untitled Sheet2'] :[('', ''), ('+5V', '+5V'), ('GND', 'GND'), ('Net-(U17-OUT1)', 'Net-(U16-OUT1)'), ('VCC', 'VCC'), ('/MR4', '/MR3'), ('/ENCODER8', '/ENCODER6'), ('ENC_PWR_P', 'ENC_PWR_P'), ('ENC_PWR_G', 'ENC_PWR_G'), ('/ENCODER7', '/ENCODER5'), ('Net-(U17-OUT2)', 'Net-(U16-OUT2)'), ('/ML4', '/ML3')]
05-29 05:23:59 root 332:updating GUI message: 'Replicating zones'
05-29 05:23:59 com_github_MitjaNemec_ReplicateLayout.replicate_layout 1047:Replicating zones
05-29 05:23:59 root 337:updating GUI with: 0
05-29 05:23:59 com_github_MitjaNemec_ReplicateLayout.replicate_layout 1054:Replicating zones on sheet ['Motor Driver']
05-29 05:23:59 com_github_MitjaNemec_ReplicateLayout.replicate_layout 766:Net pairs for sheet ['Motor Driver'] :[('/ENCODER7', '/ENCODER1'), ('', ''), ('GND', 'GND'), ('VCC', 'VCC'), ('Net-(U17-OUT2)', 'Net-(U13-OUT2)'), ('/ENCODER8', '/ENCODER2'), ('/ML4', '/ML1'), ('ENC_PWR_P', 'ENC_PWR_P'), ('Net-(U17-OUT1)', 'Net-(U13-OUT1)'), ('/MR4', '/MR1'), ('ENC_PWR_G', 'ENC_PWR_G'), ('+5V', '+5V')]
05-29 05:23:59 com_github_MitjaNemec_ReplicateLayout.replicate_layout 1054:Replicating zones on sheet ['Motor Driver2']
05-29 05:23:59 com_github_MitjaNemec_ReplicateLayout.replicate_layout 766:Net pairs for sheet ['Motor Driver2'] :[('', ''), ('+5V', '+5V'), ('GND', 'GND'), ('/MR4', '/MR2'), ('Net-(U17-OUT2)', 'Net-(U15-OUT2)'), ('VCC', 'VCC'), ('/ENCODER8', '/ENCODER4'), ('ENC_PWR_P', 'ENC_PWR_P'), ('/ML4', '/ML2'), ('Net-(U17-OUT1)', 'Net-(U15-OUT1)'), ('ENC_PWR_G', 'ENC_PWR_G'), ('/ENCODER7', '/ENCODER3')]
05-29 05:23:59 com_github_MitjaNemec_ReplicateLayout.replicate_layout 1054:Replicating zones on sheet ['Untitled Sheet2']
05-29 05:23:59 com_github_MitjaNemec_ReplicateLayout.replicate_layout 766:Net pairs for sheet ['Untitled Sheet2'] :[('', ''), ('+5V', '+5V'), ('GND', 'GND'), ('Net-(U17-OUT1)', 'Net-(U16-OUT1)'), ('VCC', 'VCC'), ('/MR4', '/MR3'), ('/ENCODER8', '/ENCODER6'), ('ENC_PWR_P', 'ENC_PWR_P'), ('ENC_PWR_G', 'ENC_PWR_G'), ('/ENCODER7', '/ENCODER5'), ('Net-(U17-OUT2)', 'Net-(U16-OUT2)'), ('/ML4', '/ML3')]
05-29 05:23:59 root 332:updating GUI message: 'Replicating text'
05-29 05:23:59 com_github_MitjaNemec_ReplicateLayout.replicate_layout 1136:Replicating text
05-29 05:23:59 com_github_MitjaNemec_ReplicateLayout.replicate_layout 1143:Replicating text on sheet ['Motor Driver']
05-29 05:23:59 com_github_MitjaNemec_ReplicateLayout.replicate_layout 1143:Replicating text on sheet ['Motor Driver2']
05-29 05:23:59 com_github_MitjaNemec_ReplicateLayout.replicate_layout 1143:Replicating text on sheet ['Untitled Sheet2']
05-29 05:23:59 root 332:updating GUI message: 'Replicating drawings'
05-29 05:23:59 com_github_MitjaNemec_ReplicateLayout.replicate_layout 1187:Replicating drawings
05-29 05:23:59 root 337:updating GUI with: 0
05-29 05:23:59 com_github_MitjaNemec_ReplicateLayout.replicate_layout 1193:Replicating drawings on sheet ['Motor Driver']
05-29 05:23:59 com_github_MitjaNemec_ReplicateLayout.replicate_layout 1193:Replicating drawings on sheet ['Motor Driver2']
05-29 05:23:59 com_github_MitjaNemec_ReplicateLayout.replicate_layout 1193:Replicating drawings on sheet ['Untitled Sheet2']
05-29 05:24:00 com_github_MitjaNemec_ReplicateLayout.action_replicate_layout 256:Replication complete
